2025-01-29T09:16:40.245+01:00  INFO 3436 --- [ENI_Encheres] [restartedMain] f.e.eni_encheres.EniEncheresApplication  : Starting EniEncheresApplication using Java 17.0.14 with PID 3436 (D:\Projet JavaSpringboot\ProjetCommun\ENI-Encheres\build\classes\java\main started by aplevin2024 in D:\Projet JavaSpringboot\ProjetCommun\ENI-Encheres)
2025-01-29T09:16:40.251+01:00  INFO 3436 --- [ENI_Encheres] [restartedMain] f.e.eni_encheres.EniEncheresApplication  : No active profile set, falling back to 1 default profile: "default"
2025-01-29T09:16:40.302+01:00  INFO 3436 --- [ENI_Encheres] [restartedMain] .e.DevToolsPropertyDefaultsPostProcessor : Devtools property defaults active! Set 'spring.devtools.add-properties' to 'false' to disable
2025-01-29T09:16:40.302+01:00  INFO 3436 --- [ENI_Encheres] [restartedMain] .e.DevToolsPropertyDefaultsPostProcessor : For additional web related logging consider setting the 'logging.level.web' property to 'DEBUG'
2025-01-29T09:16:41.027+01:00  INFO 3436 --- [ENI_Encheres] [restartedMain] .s.d.r.c.RepositoryConfigurationDelegate : Bootstrapping Spring Data JDBC repositories in DEFAULT mode.
2025-01-29T09:16:41.046+01:00  INFO 3436 --- [ENI_Encheres] [restartedMain] .s.d.r.c.RepositoryConfigurationDelegate : Finished Spring Data repository scanning in 12 ms. Found 0 JDBC repository interfaces.
2025-01-29T09:16:41.677+01:00  INFO 3436 --- [ENI_Encheres] [restartedMain] o.s.b.w.embedded.tomcat.TomcatWebServer  : Tomcat initialized with port 8080 (http)
2025-01-29T09:16:41.695+01:00  INFO 3436 --- [ENI_Encheres] [restartedMain] o.apache.catalina.core.StandardService   : Starting service [Tomcat]
2025-01-29T09:16:41.695+01:00  INFO 3436 --- [ENI_Encheres] [restartedMain] o.apache.catalina.core.StandardEngine    : Starting Servlet engine: [Apache Tomcat/10.1.34]
2025-01-29T09:16:41.743+01:00  INFO 3436 --- [ENI_Encheres] [restartedMain] o.a.c.c.C.[Tomcat].[localhost].[/]       : Initializing Spring embedded WebApplicationContext
2025-01-29T09:16:41.744+01:00  INFO 3436 --- [ENI_Encheres] [restartedMain] w.s.c.ServletWebServerApplicationContext : Root WebApplicationContext: initialization completed in 1441 ms
2025-01-29T09:16:41.861+01:00  INFO 3436 --- [ENI_Encheres] [restartedMain] o.s.b.a.w.s.WelcomePageHandlerMapping    : Adding welcome page template: index
2025-01-29T09:16:42.264+01:00  INFO 3436 --- [ENI_Encheres] [restartedMain] com.zaxxer.hikari.HikariDataSource       : HikariPool-1 - Starting...
2025-01-29T09:16:42.547+01:00  INFO 3436 --- [ENI_Encheres] [restartedMain] com.zaxxer.hikari.pool.HikariPool        : HikariPool-1 - Added connection ConnectionID:1 ClientConnectionId: 67681aff-0e83-4600-b04f-b0293797c02a
2025-01-29T09:16:42.550+01:00  INFO 3436 --- [ENI_Encheres] [restartedMain] com.zaxxer.hikari.HikariDataSource       : HikariPool-1 - Start completed.
2025-01-29T09:16:42.592+01:00  WARN 3436 --- [ENI_Encheres] [restartedMain] o.s.data.convert.CustomConversions       : Registering converter from class microsoft.sql.DateTimeOffset to class java.time.OffsetDateTime as reading converter although it doesn't convert from a store-supported type; You might want to check your annotation setup at the converter implementation
2025-01-29T09:16:42.593+01:00  WARN 3436 --- [ENI_Encheres] [restartedMain] o.s.data.convert.CustomConversions       : Registering converter from class microsoft.sql.DateTimeOffset to class java.time.Instant as reading converter although it doesn't convert from a store-supported type; You might want to check your annotation setup at the converter implementation
2025-01-29T09:16:42.726+01:00  INFO 3436 --- [ENI_Encheres] [restartedMain] r$InitializeUserDetailsManagerConfigurer : Global AuthenticationManager configured with UserDetailsService bean with name inMemoryUserDetailsManager
2025-01-29T09:16:42.943+01:00  INFO 3436 --- [ENI_Encheres] [restartedMain] o.s.b.d.a.OptionalLiveReloadServer       : LiveReload server is running on port 35729
2025-01-29T09:16:42.981+01:00  INFO 3436 --- [ENI_Encheres] [restartedMain] o.s.b.w.embedded.tomcat.TomcatWebServer  : Tomcat started on port 8080 (http) with context path '/'
2025-01-29T09:16:42.992+01:00  INFO 3436 --- [ENI_Encheres] [restartedMain] f.e.eni_encheres.EniEncheresApplication  : Started EniEncheresApplication in 3.248 seconds (process running for 4.835)
2025-01-29T09:16:46.100+01:00  INFO 3436 --- [ENI_Encheres] [http-nio-8080-exec-2] o.a.c.c.C.[Tomcat].[localhost].[/]       : Initializing Spring DispatcherServlet 'dispatcherServlet'
2025-01-29T09:16:46.102+01:00  INFO 3436 --- [ENI_Encheres] [http-nio-8080-exec-2] o.s.web.servlet.DispatcherServlet        : Initializing Servlet 'dispatcherServlet'
2025-01-29T09:16:46.102+01:00  INFO 3436 --- [ENI_Encheres] [http-nio-8080-exec-2] o.s.web.servlet.DispatcherServlet        : Completed initialization in 0 ms
2025-01-29T09:16:54.390+01:00  INFO 3436 --- [ENI_Encheres] [SpringApplicationShutdownHook] o.s.b.w.e.tomcat.GracefulShutdown        : Commencing graceful shutdown. Waiting for active requests to complete
2025-01-29T09:16:54.422+01:00  INFO 3436 --- [ENI_Encheres] [tomcat-shutdown] o.s.b.w.e.tomcat.GracefulShutdown        : Graceful shutdown complete
2025-01-29T09:16:54.422+01:00  INFO 3436 --- [ENI_Encheres] [SpringApplicationShutdownHook] com.zaxxer.hikari.HikariDataSource       : HikariPool-1 - Shutdown initiated...
2025-01-29T09:16:54.437+01:00  INFO 3436 --- [ENI_Encheres] [SpringApplicationShutdownHook] com.zaxxer.hikari.HikariDataSource       : HikariPool-1 - Shutdown completed.
